<?xml version="1.0" encoding="UTF-8"?>
<testsuite xmlns:xsi="http://www.w3.org/2001/XMLSchema-instance" xsi:noNamespaceSchemaLocation="https://maven.apache.org/surefire/maven-surefire-plugin/xsd/surefire-test-report.xsd" version="3.0.2" name="com.backend.landing.contact.ContactControllerTest" time="6.107" tests="2" errors="0" skipped="0" failures="0" flakes="0">
  <properties>
[...]
</properties>
  <testcase name="sendValidContactReturnsOk" classname="com.backend.landing.contact.ContactControllerTest" time="0.652">
    <system-out><![CDATA[11:45:36.427 [main] INFO org.springframework.test.context.support.AnnotationConfigContextLoaderUtils -- Could not detect default configuration classes for test class [com.backend.landing.contact.ContactControllerTest]: ContactControllerTest does not declare any static, non-private, non-final, nested classes annotated with @Configuration.
11:45:36.784 [main] INFO org.springframework.boot.test.context.SpringBootTestContextBootstrapper -- Found @SpringBootConfiguration com.backend.landing.LandingApplication for test class com.backend.landing.contact.ContactControllerTest
11:45:36.790 [main] INFO org.springframework.test.context.support.AnnotationConfigContextLoaderUtils -- Could not detect default configuration classes for test class [com.backend.landing.contact.ContactControllerTest]: ContactControllerTest does not declare any static, non-private, non-final, nested classes annotated with @Configuration.
11:45:36.835 [main] INFO org.springframework.boot.test.context.SpringBootTestContextBootstrapper -- Found @SpringBootConfiguration com.backend.landing.LandingApplication for test class com.backend.landing.contact.ContactControllerTest
11:45:37.014 [main] INFO org.springframework.boot.devtools.restart.RestartApplicationListener -- Restart disabled due to context in which it is running

  .   ____          _            __ _ _
 /\\ / ___'_ __ _ _(_)_ __  __ _ \ \ \ \
( ( )\___ | '_ | '_| | '_ \/ _` | \ \ \ \
 \\/  ___)| |_)| | | | | || (_| |  ) ) ) )
  '  |____| .__|_| |_|_| |_\__, | / / / /
 =========|_|==============|___/=/_/_/_/

 :: Spring Boot ::                (v4.1.1)

2026-08-29T11:45:37.782-04:00  INFO 23441 --- [landing] [           main] c.b.l.contact.ContactControllerTest      : Starting ContactControllerTest using Java 21.0.10 with PID 23441 (started by magleo in /home/magleo/Documentos/Codes/landing-page/backend)
2026-08-29T11:45:37.787-04:00  INFO 23441 --- [landing] [           main] c.b.l.contact.ContactControllerTest      : No active profile set, falling back to 1 default profile: "default"
2026-08-29T11:45:41.238-04:00  INFO 23441 --- [landing] [           main] o.s.b.t.m.w.SpringBootMockServletContext : Initializing Spring TestDispatcherServlet ''
2026-08-29T11:45:41.239-04:00  INFO 23441 --- [landing] [           main] o.s.t.web.servlet.TestDispatcherServlet  : Initializing Servlet ''
2026-08-29T11:45:41.248-04:00  INFO 23441 --- [landing] [           main] o.s.t.web.servlet.TestDispatcherServlet  : Completed initialization in 7 ms
2026-08-29T11:45:41.334-04:00  INFO 23441 --- [landing] [           main] c.b.l.contact.ContactControllerTest      : Started ContactControllerTest in 4.348 seconds (process running for 6.658)
]]></system-out>
    <system-err><![CDATA[Mockito is currently self-attaching to enable the inline-mock-maker. This will no longer work in future releases of the JDK. Please add Mockito as an agent to your build as described in Mockito's documentation: https://javadoc.io/doc/org.mockito/mockito-core/latest/org.mockito/org/mockito/Mockito.html#0.3
WARNING: A Java agent has been loaded dynamically (/home/magleo/.m2/repository/net/bytebuddy/byte-buddy-agent/1.18.11/byte-buddy-agent-1.18.11.jar)
WARNING: If a serviceability tool is in use, please run with -XX:+EnableDynamicAgentLoading to hide this warning
WARNING: If a serviceability tool is not in use, please run with -Djdk.instrument.traceUsage for more information
WARNING: Dynamic loading of agents will be disallowed by default in a future release
]]></system-err>
  </testcase>
  <testcase name="sendInvalidContactReturnsBadRequest" classname="com.backend.landing.contact.ContactControllerTest" time="0.068"/>
</testsuite>